Arguments: 
  C:\Program Files\nodejs\node.exe C:\Users\T\AppData\Roaming\npm\node_modules\yarn\bin\yarn.js add @sequelize/code

PATH: 
  C:\Python27\;C:\Python27\Scripts;C:\WINDOWS\system32;C:\WINDOWS;C:\WINDOWS\System32\Wbem;C:\WINDOWS\System32\WindowsPowerShell\v1.0\;C:\WINDOWS\System32\OpenSSH\;C:\Program Files (x86)\Microsoft SQL Server\150\DTS\Binn\;C:\Program Files\Microsoft SQL Server\150\DTS\Binn\;C:\Program Files\Microsoft SQL Server\110\Tools\Binn\;C:\Program Files (x86)\Microsoft SQL Server\110\Tools\Binn\;C:\Program Files\Microsoft SQL Server\110\DTS\Binn\;C:\Program Files (x86)\Microsoft SQL Server\110\Tools\Binn\ManagementStudio\;C:\Program Files (x86)\Microsoft Visual Studio 10.0\Common7\IDE\PrivateAssemblies\;C:\Program Files (x86)\Microsoft SQL Server\110\DTS\Binn\;C:\WINDOWS\system32\config\systemprofile\.dnx\bin;C:\Program Files\Microsoft DNX\Dnvm\;C:\Program Files\Microsoft SQL Server\130\Tools\Binn\;C:\Program Files\Microsoft SQL Server\Client SDK\ODBC\170\Tools\Binn\;C:\Program Files (x86)\Microsoft SQL Server\150\Tools\Binn\;C:\Program Files\Microsoft SQL Server\150\Tools\Binn\;C:\Program Files\Azure Data Studio\bin;C:\Program Files\Git\cmd;C:\xampp1\php;C:\composer;C:\xampp\php;C:\Program Files\PuTTY\;C:\ProgramData\chocolatey\bin;C:\Program Files\Java\jdk1.8.0_211\bin;%ANDROID_HOME%;C:\Program Files\nodejs\;C:\Program Files\Docker\Docker\resources\bin;C:\ProgramData\DockerDesktop\version-bin;C:\Users\T\AppData\Local\Microsoft\WindowsApps;C:\Program Files\Azure Data Studio\bin;C:\Users\T\AppData\Local\Programs\Microsoft VS Code\bin;C:\Users\T\AppData\Roaming\Composer\vendor\bin;C:\Users\T\AppData\Local\GitHubDesktop\bin;C:\Users\T\AppData\Roaming\npm

Yarn version: 
  1.22.15

Node version: 
  16.13.1

Platform: 
  win32 x64

Trace: 
  Error: https://registry.yarnpkg.com/@sequelize%2fcode: Not found
      at Request.params.callback [as _callback] (C:\Users\T\AppData\Roaming\npm\node_modules\yarn\lib\cli.js:66140:18)
      at Request.self.callback (C:\Users\T\AppData\Roaming\npm\node_modules\yarn\lib\cli.js:140885:22)
      at Request.emit (node:events:390:28)
      at Request.<anonymous> (C:\Users\T\AppData\Roaming\npm\node_modules\yarn\lib\cli.js:141857:10)
      at Request.emit (node:events:390:28)
      at IncomingMessage.<anonymous> (C:\Users\T\AppData\Roaming\npm\node_modules\yarn\lib\cli.js:141779:12)
      at Object.onceWrapper (node:events:509:28)
      at IncomingMessage.emit (node:events:402:35)
      at endReadableNT (node:internal/streams/readable:1343:12)
      at processTicksAndRejections (node:internal/process/task_queues:83:21)

npm manifest: 
  {
    "name": "api-unicorn",
    "version": "1.0.0",
    "description": "",
    "main": "index.js",
    "scripts": {
      "start": "nodemon --exec npx babel-node src/server.js",
      "test": "echo \"Error: no test specified\" && exit 1"
    },
    "author": "",
    "license": "ISC",
    "dependencies": {
      "body-parser": "^1.19.2",
      "brcypt": "^1.0.1",
      "dotenv": "^16.0.0",
      "ejs": "^3.1.6",
      "express": "^4.17.3",
      "moment": "^2.29.1",
      "mysql2": "^2.3.3",
      "sequelize": "^6.17.0"
    },
    "devDependencies": {
      "@babel/core": "^7.17.8",
      "@babel/node": "^7.16.8",
      "@babel/preset-env": "^7.16.11",
      "nodemon": "^2.0.15",
      "sequelize-cli": "^6.4.1"
    }
  }

yarn manifest: 
  No manifest

Lockfile: 
  No lockfile
